
**** Build of configuration Release for project realtime_2017 ****

C:\ti\ccsv5\utils\bin\gmake -k all 
'Building file: ../src_speech_crypto/library/helpfulFunctions.c'
'Invoking: C6000 Compiler'
"C:/ti/ccsv5/tools/compiler/c6000/bin/cl6x" -mv6740 -O2 --include_path="C:/ti/ccsv5/tools/compiler/c6000/include" --include_path="C:/Users/r0648945/Documents/CryptoProject/realtime_2017/include" --include_path="C:/Users/r0648945/Documents/CryptoProject/realtime_2017/src_audio" --include_path="C:/Users/r0648945/Documents/CryptoProject/realtime_2017/src_speech_crypto" --include_path="C:/Users/r0648945/Documents/CryptoProject/realtime_2017/Release" --include_path="C:/ti/bios_5_41_11_38/packages/ti/bios/include" --display_error_number --diag_warning=225 --abi=coffabi --preproc_with_compile --preproc_dependency="src_speech_crypto/library/helpfulFunctions.pp" --obj_directory="src_speech_crypto/library"  "../src_speech_crypto/library/helpfulFunctions.c"
"../src_speech_crypto/library/helpfulFunctions.c", line 6: error #18: expected a ")"
"../src_speech_crypto/library/helpfulFunctions.c", line 6: error #148: declaration is incompatible with "void concat(uint8_t *, uint8_t *, uint16_t, uint16_t)" (declared at line 12 of "..\src_speech_crypto\library\helpfulFunctions.h")

>> Compilation failure
"../src_speech_crypto/library/helpfulFunctions.c", line 6: error #142: unnamed prototyped parameters not allowed when body is present
"../src_speech_crypto/library/helpfulFunctions.c", line 9: error #20: identifier "lengthToAppend" is undefined
4 errors detected in the compilation of "../src_speech_crypto/library/helpfulFunctions.c".
gmake: *** [src_speech_crypto/library/helpfulFunctions.obj] Error 1
'Building file: ../src_audio/process_audio.c'
'Invoking: C6000 Compiler'
"C:/ti/ccsv5/tools/compiler/c6000/bin/cl6x" -mv6740 -O2 --include_path="C:/ti/ccsv5/tools/compiler/c6000/include" --include_path="C:/Users/r0648945/Documents/CryptoProject/realtime_2017/include" --include_path="C:/Users/r0648945/Documents/CryptoProject/realtime_2017/src_audio" --include_path="C:/Users/r0648945/Documents/CryptoProject/realtime_2017/src_speech_crypto" --include_path="C:/Users/r0648945/Documents/CryptoProject/realtime_2017/Release" --include_path="C:/ti/bios_5_41_11_38/packages/ti/bios/include" --display_error_number --diag_warning=225 --abi=coffabi --preproc_with_compile --preproc_dependency="src_audio/process_audio.pp" --obj_directory="src_audio"  "../src_audio/process_audio.c"
"../src_audio/process_audio.c", line 276: error #169: argument of type "int *" is incompatible with parameter of type "uint8_t *"
"../src_audio/process_audio.c", line 276: error #169: argument of type "int" is incompatible with parameter of type "uint16_t *"

>> Compilation failure
"../src_audio/process_audio.c", line 276: error #169: argument of type "int *" is incompatible with parameter of type "uint8_t *"
"../src_audio/process_audio.c", line 277: error #169: argument of type "int *" is incompatible with parameter of type "uint8_t *"
"../src_audio/process_audio.c", line 277: error #169: argument of type "int" is incompatible with parameter of type "uint16_t *"
"../src_audio/process_audio.c", line 277: error #169: argument of type "int *" is incompatible with parameter of type "uint8_t *"
"../src_audio/process_audio.c", line 139: warning #179-D: variable "iter" was declared but never referenced
"../src_audio/process_audio.c", line 140: warning #179-D: variable "pshort" was declared but never referenced
"../src_audio/process_audio.c", line 141: warning #179-D: variable "nr_elements" was declared but never referenced
"../src_audio/process_audio.c", line 142: warning #179-D: variable "input_rot" was declared but never referenced
"../src_audio/process_audio.c", line 142: warning #179-D: variable "output_rot" was declared but never referenced
"../src_audio/process_audio.c", line 143: warning #179-D: variable "niters" was declared but never referenced
"../src_audio/process_audio.c", line 144: warning #179-D: variable "stepsize" was declared but never referenced
6 errors detected in the compilation of "../src_audio/process_audio.c".
gmake: *** [src_audio/process_audio.obj] Error 1
gmake: Target `all' not remade because of errors.

**** Build Finished ****
