
**** Build of configuration Release for project realtime_2017 ****

C:\ti\ccsv5\utils\bin\gmake -k all 
'Building file: ../src_audio/process_audio.c'
'Invoking: C6000 Compiler'
"C:/ti/ccsv5/tools/compiler/c6000/bin/cl6x" -mv6740 -O2 --include_path="C:/ti/ccsv5/tools/compiler/c6000/include" --include_path="C:/Users/r0648945/Documents/CryptoProject/realtime_2017/include" --include_path="C:/Users/r0648945/Documents/CryptoProject/realtime_2017/src_audio" --include_path="C:/Users/r0648945/Documents/CryptoProject/realtime_2017/src_speech_crypto" --include_path="C:/Users/r0648945/Documents/CryptoProject/realtime_2017/Release" --include_path="C:/ti/bios_5_41_11_38/packages/ti/bios/include" --display_error_number --diag_warning=225 --abi=coffabi --preproc_with_compile --preproc_dependency="src_audio/process_audio.pp" --obj_directory="src_audio"  "../src_audio/process_audio.c"
"../src_audio/process_audio.c", line 32: fatal error #5: could not open source file "../src_speech_crypto/library/helpfulFunctions.h"
1 fatal error detected in the compilation of "../src_audio/process_audio.c".
Compilation terminated.

>> Compilation failure
gmake: *** [src_audio/process_audio.obj] Error 1
'Building file: ../src_audio/originalFiles/process_audio.c'
'Invoking: C6000 Compiler'
"C:/ti/ccsv5/tools/compiler/c6000/bin/cl6x" -mv6740 -O2 --include_path="C:/ti/ccsv5/tools/compiler/c6000/include" --include_path="C:/Users/r0648945/Documents/CryptoProject/realtime_2017/include" --include_path="C:/Users/r0648945/Documents/CryptoProject/realtime_2017/src_audio" --include_path="C:/Users/r0648945/Documents/CryptoProject/realtime_2017/src_speech_crypto" --include_path="C:/Users/r0648945/Documents/CryptoProject/realtime_2017/Release" --include_path="C:/ti/bios_5_41_11_38/packages/ti/bios/include" --display_error_number --diag_warning=225 --abi=coffabi --preproc_with_compile --preproc_dependency="src_audio/originalFiles/process_audio.pp" --obj_directory="src_audio/originalFiles"  "../src_audio/originalFiles/process_audio.c"
"../src_audio/originalFiles/process_audio.c", line 41: warning #179-D: variable "iter" was declared but never referenced
"../src_audio/originalFiles/process_audio.c", line 42: warning #179-D: variable "pshort" was declared but never referenced
"../src_audio/originalFiles/process_audio.c", line 43: warning #179-D: variable "nr_elements" was declared but never referenced
"../src_audio/originalFiles/process_audio.c", line 44: warning #179-D: variable "input_rot" was declared but never referenced
"../src_audio/originalFiles/process_audio.c", line 44: warning #179-D: variable "output_rot" was declared but never referenced
"../src_audio/originalFiles/process_audio.c", line 45: warning #179-D: variable "niters" was declared but never referenced
"../src_audio/originalFiles/process_audio.c", line 46: warning #179-D: variable "stepsize" was declared but never referenced
'Finished building: ../src_audio/originalFiles/process_audio.c'
' '
gmake: Target `all' not remade because of errors.

**** Build Finished ****
